2026-01-09 18:00:47.969 +01:00 [INF] No action descriptors found. This may indicate an incorrectly configured application or missing application parts. To learn more, visit https://aka.ms/aspnet/mvc/app-parts
2026-01-09 18:00:48.025 +01:00 [INF] Now listening on: http://localhost:5003
2026-01-09 18:00:48.026 +01:00 [INF] Application started. Press Ctrl+C to shut down.
2026-01-09 18:00:48.027 +01:00 [INF] Hosting environment: Development
2026-01-09 18:00:48.027 +01:00 [INF] Content root path: C:\Users\fredr\Lyn\Lyn\Lyn.Backend
2026-01-09 18:01:49.901 +01:00 [INF] No action descriptors found. This may indicate an incorrectly configured application or missing application parts. To learn more, visit https://aka.ms/aspnet/mvc/app-parts
2026-01-09 18:01:49.953 +01:00 [INF] Now listening on: http://localhost:5003
2026-01-09 18:01:49.955 +01:00 [INF] Application started. Press Ctrl+C to shut down.
2026-01-09 18:01:49.955 +01:00 [INF] Hosting environment: Development
2026-01-09 18:01:49.956 +01:00 [INF] Content root path: C:\Users\fredr\Lyn\Lyn\Lyn.Backend
2026-01-09 18:13:46.809 +01:00 [INF] Request starting HTTP/1.1 GET http://localhost:5003/ - null null
2026-01-09 18:13:46.836 +01:00 [WRN] Failed to determine the https port for redirect.
2026-01-09 18:13:46.838 +01:00 [INF] HTTP GET / responded 404 in 17.7020 ms
2026-01-09 18:13:46.848 +01:00 [INF] Request finished HTTP/1.1 GET http://localhost:5003/ - 404 0 null 40.4483ms
2026-01-09 18:13:46.854 +01:00 [INF] Request reached the end of the middleware pipeline without being handled by application code. Request path: GET http://localhost:5003/, Response status code: 404
2026-01-09 18:14:10.357 +01:00 [INF] Application is shutting down...
2026-01-09 18:44:33.461 +01:00 [INF] Now listening on: http://localhost:5003
2026-01-09 18:44:33.483 +01:00 [INF] Application started. Press Ctrl+C to shut down.
2026-01-09 18:44:33.483 +01:00 [INF] Hosting environment: Development
2026-01-09 18:44:33.484 +01:00 [INF] Content root path: C:\Users\fredr\Lyn\Lyn\Lyn.Backend
2026-01-09 18:44:35.340 +01:00 [INF] Request starting HTTP/1.1 GET http://localhost:5003/ - null null
2026-01-09 18:44:35.357 +01:00 [WRN] Failed to determine the https port for redirect.
2026-01-09 18:44:35.359 +01:00 [INF] HTTP GET / responded 404 in 10.1197 ms
2026-01-09 18:44:35.367 +01:00 [INF] Request finished HTTP/1.1 GET http://localhost:5003/ - 404 0 null 27.1224ms
2026-01-09 18:44:35.371 +01:00 [INF] Request reached the end of the middleware pipeline without being handled by application code. Request path: GET http://localhost:5003/, Response status code: 404
2026-01-09 18:44:48.012 +01:00 [INF] Request starting HTTP/1.1 GET http://localhost:5003/api/passwordgeneratorcontroller - null null
2026-01-09 18:44:48.014 +01:00 [INF] HTTP GET /api/passwordgeneratorcontroller responded 404 in 0.6685 ms
2026-01-09 18:44:48.018 +01:00 [INF] Request finished HTTP/1.1 GET http://localhost:5003/api/passwordgeneratorcontroller - 404 0 null 7.0483ms
2026-01-09 18:44:48.020 +01:00 [INF] Request reached the end of the middleware pipeline without being handled by application code. Request path: GET http://localhost:5003/api/passwordgeneratorcontroller, Response status code: 404
2026-01-09 18:44:51.190 +01:00 [INF] Request starting HTTP/1.1 GET http://localhost:5003/api/passwordgenerator - null null
2026-01-09 18:44:51.194 +01:00 [INF] Executing endpoint 'Lyn.Backend.Controllers.PasswordGeneratorController.GetRandomGeneratedPassword (Lyn.Backend)'
2026-01-09 18:44:51.208 +01:00 [INF] Route matched with {action = "GetRandomGeneratedPassword", controller = "PasswordGenerator"}. Executing controller action with signature System.Threading.Tasks.Task`1[Microsoft.AspNetCore.Mvc.IActionResult] GetRandomGeneratedPassword(Lyn.Shared.Models.PasswordGenerationRequest) on controller Lyn.Backend.Controllers.PasswordGeneratorController (Lyn.Backend).
2026-01-09 18:44:51.225 +01:00 [INF] Executing ObjectResult, writing value of type 'Microsoft.AspNetCore.Mvc.ProblemDetails'.
2026-01-09 18:44:51.250 +01:00 [INF] Executed action Lyn.Backend.Controllers.PasswordGeneratorController.GetRandomGeneratedPassword (Lyn.Backend) in 38.7762ms
2026-01-09 18:44:51.251 +01:00 [INF] Executed endpoint 'Lyn.Backend.Controllers.PasswordGeneratorController.GetRandomGeneratedPassword (Lyn.Backend)'
2026-01-09 18:44:51.252 +01:00 [INF] HTTP GET /api/passwordgenerator responded 415 in 59.2422 ms
2026-01-09 18:44:51.253 +01:00 [INF] Request finished HTTP/1.1 GET http://localhost:5003/api/passwordgenerator - 415 null application/problem+json; charset=utf-8 62.63ms
2026-01-09 18:44:51.268 +01:00 [INF] Request starting HTTP/1.1 GET http://localhost:5003/favicon.ico - null null
2026-01-09 18:44:51.270 +01:00 [INF] HTTP GET /favicon.ico responded 404 in 0.0523 ms
2026-01-09 18:44:51.271 +01:00 [INF] Request finished HTTP/1.1 GET http://localhost:5003/favicon.ico - 404 0 null 2.6275ms
2026-01-09 18:44:51.273 +01:00 [INF] Request reached the end of the middleware pipeline without being handled by application code. Request path: GET http://localhost:5003/favicon.ico, Response status code: 404
2026-01-09 18:45:16.124 +01:00 [INF] Application is shutting down...
2026-01-09 18:45:35.490 +01:00 [INF] Now listening on: http://localhost:5003
2026-01-09 18:45:35.512 +01:00 [INF] Application started. Press Ctrl+C to shut down.
2026-01-09 18:45:35.513 +01:00 [INF] Hosting environment: Development
2026-01-09 18:45:35.513 +01:00 [INF] Content root path: C:\Users\fredr\Lyn\Lyn\Lyn.Backend
2026-01-09 18:46:06.060 +01:00 [INF] Application is shutting down...
2026-01-09 18:46:08.840 +01:00 [INF] Now listening on: http://localhost:5003
2026-01-09 18:46:08.861 +01:00 [INF] Application started. Press Ctrl+C to shut down.
2026-01-09 18:46:08.862 +01:00 [INF] Hosting environment: Development
2026-01-09 18:46:08.862 +01:00 [INF] Content root path: C:\Users\fredr\Lyn\Lyn\Lyn.Backend
2026-01-09 18:46:09.747 +01:00 [INF] Request starting HTTP/1.1 GET http://localhost:5003/ - null null
2026-01-09 18:46:09.766 +01:00 [WRN] Failed to determine the https port for redirect.
2026-01-09 18:46:09.768 +01:00 [INF] HTTP GET / responded 404 in 9.6725 ms
2026-01-09 18:46:09.776 +01:00 [INF] Request finished HTTP/1.1 GET http://localhost:5003/ - 404 0 null 29.5084ms
2026-01-09 18:46:09.780 +01:00 [INF] Request reached the end of the middleware pipeline without being handled by application code. Request path: GET http://localhost:5003/, Response status code: 404
2026-01-09 18:46:14.620 +01:00 [INF] Request starting HTTP/1.1 GET http://localhost:5003/swagger - null null
2026-01-09 18:46:14.622 +01:00 [INF] HTTP GET /swagger responded 301 in 1.0067 ms
2026-01-09 18:46:14.624 +01:00 [INF] Request finished HTTP/1.1 GET http://localhost:5003/swagger - 301 0 null 4.421ms
2026-01-09 18:46:14.631 +01:00 [INF] Request starting HTTP/1.1 GET http://localhost:5003/swagger/index.html - null null
2026-01-09 18:46:14.666 +01:00 [INF] HTTP GET /swagger/index.html responded 200 in 32.8430 ms
2026-01-09 18:46:14.667 +01:00 [INF] Request finished HTTP/1.1 GET http://localhost:5003/swagger/index.html - 200 null text/html;charset=utf-8 35.8198ms
2026-01-09 18:46:14.686 +01:00 [INF] Request starting HTTP/1.1 GET http://localhost:5003/swagger/swagger-ui.css - null null
2026-01-09 18:46:14.687 +01:00 [INF] Request starting HTTP/1.1 GET http://localhost:5003/swagger/index.css - null null
2026-01-09 18:46:14.688 +01:00 [INF] Request starting HTTP/1.1 GET http://localhost:5003/swagger/swagger-ui-standalone-preset.js - null null
2026-01-09 18:46:14.688 +01:00 [INF] Request starting HTTP/1.1 GET http://localhost:5003/swagger/swagger-ui-bundle.js - null null
2026-01-09 18:46:14.688 +01:00 [INF] Request starting HTTP/1.1 GET http://localhost:5003/swagger/index.js - null null
2026-01-09 18:46:14.695 +01:00 [INF] HTTP GET /swagger/index.js responded 200 in 0.4894 ms
2026-01-09 18:46:14.696 +01:00 [INF] HTTP GET /swagger/index.css responded 200 in 6.4562 ms
2026-01-09 18:46:14.696 +01:00 [INF] HTTP GET /swagger/swagger-ui.css responded 200 in 7.8302 ms
2026-01-09 18:46:14.696 +01:00 [INF] Request finished HTTP/1.1 GET http://localhost:5003/swagger/index.js - 200 null application/javascript;charset=utf-8 8.2109ms
2026-01-09 18:46:14.697 +01:00 [INF] Request finished HTTP/1.1 GET http://localhost:5003/swagger/index.css - 200 152 text/css 9.8595ms
2026-01-09 18:46:14.698 +01:00 [INF] Request finished HTTP/1.1 GET http://localhost:5003/swagger/swagger-ui.css - 200 26248 text/css 12.1014ms
2026-01-09 18:46:14.701 +01:00 [INF] HTTP GET /swagger/swagger-ui-standalone-preset.js responded 200 in 10.6213 ms
2026-01-09 18:46:14.701 +01:00 [INF] HTTP GET /swagger/swagger-ui-bundle.js responded 200 in 9.2656 ms
2026-01-09 18:46:14.707 +01:00 [INF] Request finished HTTP/1.1 GET http://localhost:5003/swagger/swagger-ui-standalone-preset.js - 200 77848 text/javascript 19.1136ms
2026-01-09 18:46:14.707 +01:00 [INF] Request finished HTTP/1.1 GET http://localhost:5003/swagger/swagger-ui-bundle.js - 200 424871 text/javascript 19.1488ms
2026-01-09 18:46:14.860 +01:00 [INF] Request starting HTTP/1.1 GET http://localhost:5003/swagger/favicon-32x32.png - null null
2026-01-09 18:46:14.863 +01:00 [INF] HTTP GET /swagger/favicon-32x32.png responded 200 in 1.2253 ms
2026-01-09 18:46:14.864 +01:00 [INF] Request finished HTTP/1.1 GET http://localhost:5003/swagger/favicon-32x32.png - 200 628 image/png 3.6457ms
2026-01-09 18:46:14.881 +01:00 [INF] Request starting HTTP/1.1 GET http://localhost:5003/swagger/v1/swagger.json - null null
2026-01-09 18:46:14.950 +01:00 [INF] HTTP GET /swagger/v1/swagger.json responded 200 in 67.6547 ms
2026-01-09 18:46:14.951 +01:00 [INF] Request finished HTTP/1.1 GET http://localhost:5003/swagger/v1/swagger.json - 200 null application/json;charset=utf-8 70.4623ms
2026-01-09 18:46:25.980 +01:00 [INF] Request starting HTTP/1.1 POST http://localhost:5003/api/PasswordGenerator - application/json 92
2026-01-09 18:46:25.983 +01:00 [INF] Executing endpoint 'Lyn.Backend.Controllers.PasswordGeneratorController.GetRandomGeneratedPassword (Lyn.Backend)'
2026-01-09 18:46:25.996 +01:00 [INF] Route matched with {action = "GetRandomGeneratedPassword", controller = "PasswordGenerator"}. Executing controller action with signature System.Threading.Tasks.Task`1[Microsoft.AspNetCore.Mvc.IActionResult] GetRandomGeneratedPassword(Lyn.Shared.Models.PasswordGenerationRequest) on controller Lyn.Backend.Controllers.PasswordGeneratorController (Lyn.Backend).
2026-01-09 18:46:26.024 +01:00 [INF] Executed action Lyn.Backend.Controllers.PasswordGeneratorController.GetRandomGeneratedPassword (Lyn.Backend) in 24.6298ms
2026-01-09 18:46:26.025 +01:00 [INF] Executed endpoint 'Lyn.Backend.Controllers.PasswordGeneratorController.GetRandomGeneratedPassword (Lyn.Backend)'
2026-01-09 18:46:26.025 +01:00 [ERR] HTTP POST /api/PasswordGenerator responded 500 in 42.8375 ms
System.ArgumentException: Length must be between 8 and 256 (Parameter 'Length')
   at Lyn.Backend.Services.PasswordService.GeneratePasswordAsync(PasswordGenerationRequest request) in C:\Users\fredr\Lyn\Lyn\Lyn.Backend\Services\PasswordService.cs:line 15
   at Lyn.Backend.Controllers.PasswordGeneratorController.GetRandomGeneratedPassword(PasswordGenerationRequest request) in C:\Users\fredr\Lyn\Lyn\Lyn.Backend\Controllers\PasswordGeneratorController.cs:line 17
   at Microsoft.AspNetCore.Mvc.Infrastructure.ActionMethodExecutor.TaskOfIActionResultExecutor.Execute(ActionContext actionContext, IActionResultTypeMapper mapper, ObjectMethodExecutor executor, Object controller, Object[] arguments)
   at Microsoft.AspNetCore.Mvc.Infrastructure.ControllerActionInvoker.<InvokeActionMethodAsync>g__Awaited|12_0(ControllerActionInvoker invoker, ValueTask`1 actionResultValueTask)
   at Microsoft.AspNetCore.Mvc.Infrastructure.ControllerActionInvoker.<InvokeNextActionFilterAsync>g__Awaited|10_0(ControllerActionInvoker invoker, Task lastTask, State next, Scope scope, Object state, Boolean isCompleted)
   at Microsoft.AspNetCore.Mvc.Infrastructure.ControllerActionInvoker.Rethrow(ActionExecutedContextSealed context)
   at Microsoft.AspNetCore.Mvc.Infrastructure.ControllerActionInvoker.Next(State& next, Scope& scope, Object& state, Boolean& isCompleted)
   at Microsoft.AspNetCore.Mvc.Infrastructure.ControllerActionInvoker.InvokeInnerFilterAsync()
--- End of stack trace from previous location ---
   at Microsoft.AspNetCore.Mvc.Infrastructure.ResourceInvoker.<InvokeFilterPipelineAsync>g__Awaited|20_0(ResourceInvoker invoker, Task lastTask, State next, Scope scope, Object state, Boolean isCompleted)
   at Microsoft.AspNetCore.Mvc.Infrastructure.ResourceInvoker.<InvokeAsync>g__Logged|17_1(ResourceInvoker invoker)
   at Microsoft.AspNetCore.Mvc.Infrastructure.ResourceInvoker.<InvokeAsync>g__Logged|17_1(ResourceInvoker invoker)
   at Microsoft.AspNetCore.Routing.EndpointMiddleware.<Invoke>g__AwaitRequestTask|7_0(Endpoint endpoint, Task requestTask, ILogger logger)
   at Swashbuckle.AspNetCore.SwaggerUI.SwaggerUIMiddleware.Invoke(HttpContext httpContext)
   at Swashbuckle.AspNetCore.Swagger.SwaggerMiddleware.Invoke(HttpContext httpContext, ISwaggerProvider swaggerProvider)
   at Serilog.AspNetCore.RequestLoggingMiddleware.Invoke(HttpContext httpContext)
2026-01-09 18:46:26.050 +01:00 [ERR] Unhandled exception: Length must be between 8 and 256 (Parameter 'Length')
System.ArgumentException: Length must be between 8 and 256 (Parameter 'Length')
   at Lyn.Backend.Services.PasswordService.GeneratePasswordAsync(PasswordGenerationRequest request) in C:\Users\fredr\Lyn\Lyn\Lyn.Backend\Services\PasswordService.cs:line 15
   at Lyn.Backend.Controllers.PasswordGeneratorController.GetRandomGeneratedPassword(PasswordGenerationRequest request) in C:\Users\fredr\Lyn\Lyn\Lyn.Backend\Controllers\PasswordGeneratorController.cs:line 17
   at Microsoft.AspNetCore.Mvc.Infrastructure.ActionMethodExecutor.TaskOfIActionResultExecutor.Execute(ActionContext actionContext, IActionResultTypeMapper mapper, ObjectMethodExecutor executor, Object controller, Object[] arguments)
   at Microsoft.AspNetCore.Mvc.Infrastructure.ControllerActionInvoker.<InvokeActionMethodAsync>g__Awaited|12_0(ControllerActionInvoker invoker, ValueTask`1 actionResultValueTask)
   at Microsoft.AspNetCore.Mvc.Infrastructure.ControllerActionInvoker.<InvokeNextActionFilterAsync>g__Awaited|10_0(ControllerActionInvoker invoker, Task lastTask, State next, Scope scope, Object state, Boolean isCompleted)
   at Microsoft.AspNetCore.Mvc.Infrastructure.ControllerActionInvoker.Rethrow(ActionExecutedContextSealed context)
   at Microsoft.AspNetCore.Mvc.Infrastructure.ControllerActionInvoker.Next(State& next, Scope& scope, Object& state, Boolean& isCompleted)
   at Microsoft.AspNetCore.Mvc.Infrastructure.ControllerActionInvoker.InvokeInnerFilterAsync()
--- End of stack trace from previous location ---
   at Microsoft.AspNetCore.Mvc.Infrastructure.ResourceInvoker.<InvokeFilterPipelineAsync>g__Awaited|20_0(ResourceInvoker invoker, Task lastTask, State next, Scope scope, Object state, Boolean isCompleted)
   at Microsoft.AspNetCore.Mvc.Infrastructure.ResourceInvoker.<InvokeAsync>g__Logged|17_1(ResourceInvoker invoker)
   at Microsoft.AspNetCore.Mvc.Infrastructure.ResourceInvoker.<InvokeAsync>g__Logged|17_1(ResourceInvoker invoker)
   at Microsoft.AspNetCore.Routing.EndpointMiddleware.<Invoke>g__AwaitRequestTask|7_0(Endpoint endpoint, Task requestTask, ILogger logger)
   at Swashbuckle.AspNetCore.SwaggerUI.SwaggerUIMiddleware.Invoke(HttpContext httpContext)
   at Swashbuckle.AspNetCore.Swagger.SwaggerMiddleware.Invoke(HttpContext httpContext, ISwaggerProvider swaggerProvider)
   at Serilog.AspNetCore.RequestLoggingMiddleware.Invoke(HttpContext httpContext)
   at Microsoft.AspNetCore.Diagnostics.ExceptionHandlerMiddlewareImpl.<Invoke>g__Awaited|10_0(ExceptionHandlerMiddlewareImpl middleware, HttpContext context, Task task)
2026-01-09 18:46:26.064 +01:00 [INF] Request finished HTTP/1.1 POST http://localhost:5003/api/PasswordGenerator - 400 null application/json; charset=utf-8 83.1702ms
2026-01-09 18:46:39.890 +01:00 [INF] Request starting HTTP/1.1 POST http://localhost:5003/api/PasswordGenerator - application/json 92
2026-01-09 18:46:39.892 +01:00 [INF] Executing endpoint 'Lyn.Backend.Controllers.PasswordGeneratorController.GetRandomGeneratedPassword (Lyn.Backend)'
2026-01-09 18:46:39.892 +01:00 [INF] Route matched with {action = "GetRandomGeneratedPassword", controller = "PasswordGenerator"}. Executing controller action with signature System.Threading.Tasks.Task`1[Microsoft.AspNetCore.Mvc.IActionResult] GetRandomGeneratedPassword(Lyn.Shared.Models.PasswordGenerationRequest) on controller Lyn.Backend.Controllers.PasswordGeneratorController (Lyn.Backend).
2026-01-09 18:46:40.376 +01:00 [INF] Executing OkObjectResult, writing value of type 'Lyn.Shared.Models.PasswordGenerationResponse'.
2026-01-09 18:46:40.379 +01:00 [INF] Executed action Lyn.Backend.Controllers.PasswordGeneratorController.GetRandomGeneratedPassword (Lyn.Backend) in 485.9862ms
2026-01-09 18:46:40.380 +01:00 [INF] Executed endpoint 'Lyn.Backend.Controllers.PasswordGeneratorController.GetRandomGeneratedPassword (Lyn.Backend)'
2026-01-09 18:46:40.381 +01:00 [INF] HTTP POST /api/PasswordGenerator responded 200 in 489.4302 ms
2026-01-09 18:46:40.382 +01:00 [INF] Request finished HTTP/1.1 POST http://localhost:5003/api/PasswordGenerator - 200 null application/json; charset=utf-8 491.8244ms
2026-01-09 18:47:01.647 +01:00 [INF] Request starting HTTP/1.1 POST http://localhost:5003/api/PasswordGenerator - application/json 103
2026-01-09 18:47:01.649 +01:00 [INF] Executing endpoint 'Lyn.Backend.Controllers.PasswordGeneratorController.GetRandomGeneratedPassword (Lyn.Backend)'
2026-01-09 18:47:01.650 +01:00 [INF] Route matched with {action = "GetRandomGeneratedPassword", controller = "PasswordGenerator"}. Executing controller action with signature System.Threading.Tasks.Task`1[Microsoft.AspNetCore.Mvc.IActionResult] GetRandomGeneratedPassword(Lyn.Shared.Models.PasswordGenerationRequest) on controller Lyn.Backend.Controllers.PasswordGeneratorController (Lyn.Backend).
2026-01-09 18:47:01.859 +01:00 [INF] Executing OkObjectResult, writing value of type 'Lyn.Shared.Models.PasswordGenerationResponse'.
2026-01-09 18:47:01.860 +01:00 [INF] Executed action Lyn.Backend.Controllers.PasswordGeneratorController.GetRandomGeneratedPassword (Lyn.Backend) in 209.2363ms
2026-01-09 18:47:01.861 +01:00 [INF] Executed endpoint 'Lyn.Backend.Controllers.PasswordGeneratorController.GetRandomGeneratedPassword (Lyn.Backend)'
2026-01-09 18:47:01.861 +01:00 [INF] HTTP POST /api/PasswordGenerator responded 200 in 212.2379 ms
2026-01-09 18:47:01.862 +01:00 [INF] Request finished HTTP/1.1 POST http://localhost:5003/api/PasswordGenerator - 200 null application/json; charset=utf-8 214.9828ms
2026-01-09 18:50:15.073 +01:00 [INF] Application is shutting down...
2026-01-09 21:09:00.755 +01:00 [INF] Now listening on: http://localhost:5003
2026-01-09 21:09:00.779 +01:00 [INF] Application started. Press Ctrl+C to shut down.
2026-01-09 21:09:00.780 +01:00 [INF] Hosting environment: Development
2026-01-09 21:09:00.780 +01:00 [INF] Content root path: C:\Users\fredr\Lyn\Lyn\Lyn.Backend
2026-01-09 21:22:48.744 +01:00 [INF] Request starting HTTP/1.1 OPTIONS http://localhost:5003/api/passwordgenerator - null null
2026-01-09 21:22:48.763 +01:00 [WRN] Failed to determine the https port for redirect.
2026-01-09 21:22:48.765 +01:00 [INF] Executing endpoint '405 HTTP Method Not Supported'
2026-01-09 21:22:48.766 +01:00 [INF] Executed endpoint '405 HTTP Method Not Supported'
2026-01-09 21:22:48.767 +01:00 [INF] HTTP OPTIONS /api/passwordgenerator responded 405 in 11.1975 ms
2026-01-09 21:22:48.775 +01:00 [INF] Request finished HTTP/1.1 OPTIONS http://localhost:5003/api/passwordgenerator - 405 0 null 31.7291ms
2026-01-09 21:23:58.155 +01:00 [INF] Application is shutting down...
2026-01-09 21:24:03.924 +01:00 [INF] Now listening on: http://localhost:5003
2026-01-09 21:24:03.947 +01:00 [INF] Application started. Press Ctrl+C to shut down.
2026-01-09 21:24:03.948 +01:00 [INF] Hosting environment: Development
2026-01-09 21:24:03.949 +01:00 [INF] Content root path: C:\Users\fredr\Lyn\Lyn\Lyn.Backend
2026-01-09 21:24:09.923 +01:00 [INF] Request starting HTTP/1.1 OPTIONS http://localhost:5003/api/passwordgenerator - null null
2026-01-09 21:24:09.941 +01:00 [WRN] Failed to determine the https port for redirect.
2026-01-09 21:24:09.943 +01:00 [INF] Executing endpoint '405 HTTP Method Not Supported'
2026-01-09 21:24:09.944 +01:00 [INF] Executed endpoint '405 HTTP Method Not Supported'
2026-01-09 21:24:09.945 +01:00 [INF] HTTP OPTIONS /api/passwordgenerator responded 405 in 10.2464 ms
2026-01-09 21:24:09.953 +01:00 [INF] Request finished HTTP/1.1 OPTIONS http://localhost:5003/api/passwordgenerator - 405 0 null 31.3886ms
2026-01-09 21:24:38.148 +01:00 [INF] Application is shutting down...
2026-01-09 21:24:41.474 +01:00 [INF] Now listening on: http://localhost:5003
2026-01-09 21:24:41.496 +01:00 [INF] Application started. Press Ctrl+C to shut down.
2026-01-09 21:24:41.496 +01:00 [INF] Hosting environment: Development
2026-01-09 21:24:41.497 +01:00 [INF] Content root path: C:\Users\fredr\Lyn\Lyn\Lyn.Backend
2026-01-09 21:24:45.916 +01:00 [INF] Request starting HTTP/1.1 OPTIONS http://localhost:5003/api/passwordgenerator - null null
2026-01-09 21:24:45.936 +01:00 [WRN] Failed to determine the https port for redirect.
2026-01-09 21:24:45.937 +01:00 [INF] Executing endpoint '405 HTTP Method Not Supported'
2026-01-09 21:24:45.938 +01:00 [INF] Executed endpoint '405 HTTP Method Not Supported'
2026-01-09 21:24:45.940 +01:00 [INF] HTTP OPTIONS /api/passwordgenerator responded 405 in 11.1282 ms
2026-01-09 21:24:45.949 +01:00 [INF] Request finished HTTP/1.1 OPTIONS http://localhost:5003/api/passwordgenerator - 405 0 null 33.6414ms
2026-01-09 21:26:10.241 +01:00 [INF] Application is shutting down...
2026-01-09 21:26:13.561 +01:00 [INF] Now listening on: http://localhost:5003
2026-01-09 21:26:13.583 +01:00 [INF] Application started. Press Ctrl+C to shut down.
2026-01-09 21:26:13.584 +01:00 [INF] Hosting environment: Development
2026-01-09 21:26:13.584 +01:00 [INF] Content root path: C:\Users\fredr\Lyn\Lyn\Lyn.Backend
2026-01-09 21:26:16.208 +01:00 [INF] Request starting HTTP/1.1 OPTIONS http://localhost:5003/api/passwordgenerator - null null
2026-01-09 21:26:16.228 +01:00 [WRN] Failed to determine the https port for redirect.
2026-01-09 21:26:16.230 +01:00 [INF] Executing endpoint '405 HTTP Method Not Supported'
2026-01-09 21:26:16.230 +01:00 [INF] Executed endpoint '405 HTTP Method Not Supported'
2026-01-09 21:26:16.232 +01:00 [INF] HTTP OPTIONS /api/passwordgenerator responded 405 in 11.4665 ms
2026-01-09 21:26:16.240 +01:00 [INF] Request finished HTTP/1.1 OPTIONS http://localhost:5003/api/passwordgenerator - 405 0 null 32.2289ms
2026-01-09 21:26:20.643 +01:00 [INF] Request starting HTTP/1.1 OPTIONS http://localhost:5003/api/passwordgenerator - null null
2026-01-09 21:26:20.645 +01:00 [INF] Executing endpoint '405 HTTP Method Not Supported'
2026-01-09 21:26:20.646 +01:00 [INF] Executed endpoint '405 HTTP Method Not Supported'
2026-01-09 21:26:20.647 +01:00 [INF] HTTP OPTIONS /api/passwordgenerator responded 405 in 2.0799 ms
2026-01-09 21:26:20.648 +01:00 [INF] Request finished HTTP/1.1 OPTIONS http://localhost:5003/api/passwordgenerator - 405 0 null 5.4972ms
2026-01-09 21:26:28.849 +01:00 [INF] Application is shutting down...
2026-01-09 21:26:32.038 +01:00 [INF] Now listening on: http://localhost:5003
2026-01-09 21:26:32.060 +01:00 [INF] Application started. Press Ctrl+C to shut down.
2026-01-09 21:26:32.060 +01:00 [INF] Hosting environment: Development
2026-01-09 21:26:32.061 +01:00 [INF] Content root path: C:\Users\fredr\Lyn\Lyn\Lyn.Backend
2026-01-09 21:26:33.788 +01:00 [INF] Request starting HTTP/1.1 OPTIONS http://localhost:5003/api/passwordgenerator - null null
2026-01-09 21:26:33.806 +01:00 [WRN] Failed to determine the https port for redirect.
2026-01-09 21:26:33.808 +01:00 [INF] Executing endpoint '405 HTTP Method Not Supported'
2026-01-09 21:26:33.809 +01:00 [INF] Executed endpoint '405 HTTP Method Not Supported'
2026-01-09 21:26:33.810 +01:00 [INF] HTTP OPTIONS /api/passwordgenerator responded 405 in 10.7817 ms
2026-01-09 21:26:33.818 +01:00 [INF] Request finished HTTP/1.1 OPTIONS http://localhost:5003/api/passwordgenerator - 405 0 null 30.2891ms
2026-01-09 21:27:16.375 +01:00 [INF] Application is shutting down...
2026-01-09 21:27:19.040 +01:00 [INF] Now listening on: http://localhost:5003
2026-01-09 21:27:19.063 +01:00 [INF] Application started. Press Ctrl+C to shut down.
2026-01-09 21:27:19.063 +01:00 [INF] Hosting environment: Development
2026-01-09 21:27:19.064 +01:00 [INF] Content root path: C:\Users\fredr\Lyn\Lyn\Lyn.Backend
2026-01-09 21:27:23.756 +01:00 [INF] Request starting HTTP/1.1 OPTIONS http://localhost:5003/api/passwordgenerator - null null
2026-01-09 21:27:23.775 +01:00 [WRN] Failed to determine the https port for redirect.
2026-01-09 21:27:23.777 +01:00 [INF] Executing endpoint '405 HTTP Method Not Supported'
2026-01-09 21:27:23.778 +01:00 [INF] Executed endpoint '405 HTTP Method Not Supported'
2026-01-09 21:27:23.779 +01:00 [INF] HTTP OPTIONS /api/passwordgenerator responded 405 in 11.0930 ms
2026-01-09 21:27:23.787 +01:00 [INF] Request finished HTTP/1.1 OPTIONS http://localhost:5003/api/passwordgenerator - 405 0 null 32.1386ms
2026-01-09 21:28:16.259 +01:00 [INF] Application is shutting down...
2026-01-09 21:28:19.357 +01:00 [INF] Now listening on: http://localhost:5003
2026-01-09 21:28:19.379 +01:00 [INF] Application started. Press Ctrl+C to shut down.
2026-01-09 21:28:19.380 +01:00 [INF] Hosting environment: Development
2026-01-09 21:28:19.380 +01:00 [INF] Content root path: C:\Users\fredr\Lyn\Lyn\Lyn.Backend
2026-01-09 21:28:22.734 +01:00 [INF] Request starting HTTP/1.1 OPTIONS http://localhost:5003/api/passwordgenerator - null null
2026-01-09 21:28:22.752 +01:00 [WRN] Failed to determine the https port for redirect.
2026-01-09 21:28:22.753 +01:00 [INF] CORS policy execution successful.
2026-01-09 21:28:22.755 +01:00 [INF] HTTP OPTIONS /api/passwordgenerator responded 204 in 10.0569 ms
2026-01-09 21:28:22.764 +01:00 [INF] Request finished HTTP/1.1 OPTIONS http://localhost:5003/api/passwordgenerator - 204 null null 30.3692ms
2026-01-09 21:28:22.782 +01:00 [INF] Request starting HTTP/1.1 POST http://localhost:5003/api/passwordgenerator - application/json; charset=utf-8 77
2026-01-09 21:28:22.786 +01:00 [INF] CORS policy execution successful.
2026-01-09 21:28:22.787 +01:00 [INF] Executing endpoint 'Lyn.Backend.Controllers.PasswordGeneratorController.GeneratePassword (Lyn.Backend)'
2026-01-09 21:28:22.803 +01:00 [INF] Route matched with {action = "GeneratePassword", controller = "PasswordGenerator"}. Executing controller action with signature System.Threading.Tasks.Task`1[Microsoft.AspNetCore.Mvc.IActionResult] GeneratePassword(Lyn.Shared.Models.PasswordGenerationRequest) on controller Lyn.Backend.Controllers.PasswordGeneratorController (Lyn.Backend).
2026-01-09 21:28:23.312 +01:00 [INF] Executing OkObjectResult, writing value of type 'Lyn.Shared.Models.PasswordGenerationResponse'.
2026-01-09 21:28:23.318 +01:00 [INF] Executed action Lyn.Backend.Controllers.PasswordGeneratorController.GeneratePassword (Lyn.Backend) in 512.4823ms
2026-01-09 21:28:23.319 +01:00 [INF] Executed endpoint 'Lyn.Backend.Controllers.PasswordGeneratorController.GeneratePassword (Lyn.Backend)'
2026-01-09 21:28:23.321 +01:00 [INF] HTTP POST /api/passwordgenerator responded 200 in 535.4864 ms
2026-01-09 21:28:23.323 +01:00 [INF] Request finished HTTP/1.1 POST http://localhost:5003/api/passwordgenerator - 200 null application/json; charset=utf-8 540.9025ms
2026-01-09 21:32:38.068 +01:00 [INF] Request starting HTTP/1.1 OPTIONS http://localhost:5003/api/passwordgenerator - null null
2026-01-09 21:32:38.071 +01:00 [INF] CORS policy execution successful.
2026-01-09 21:32:38.071 +01:00 [INF] HTTP OPTIONS /api/passwordgenerator responded 204 in 1.0109 ms
2026-01-09 21:32:38.072 +01:00 [INF] Request finished HTTP/1.1 OPTIONS http://localhost:5003/api/passwordgenerator - 204 null null 4.034ms
2026-01-09 21:32:38.074 +01:00 [INF] Request starting HTTP/1.1 POST http://localhost:5003/api/passwordgenerator - application/json; charset=utf-8 86
2026-01-09 21:32:38.075 +01:00 [INF] CORS policy execution successful.
2026-01-09 21:32:38.076 +01:00 [INF] Executing endpoint 'Lyn.Backend.Controllers.PasswordGeneratorController.GeneratePassword (Lyn.Backend)'
2026-01-09 21:32:38.076 +01:00 [INF] Route matched with {action = "GeneratePassword", controller = "PasswordGenerator"}. Executing controller action with signature System.Threading.Tasks.Task`1[Microsoft.AspNetCore.Mvc.IActionResult] GeneratePassword(Lyn.Shared.Models.PasswordGenerationRequest) on controller Lyn.Backend.Controllers.PasswordGeneratorController (Lyn.Backend).
2026-01-09 21:32:38.279 +01:00 [INF] Executing OkObjectResult, writing value of type 'Lyn.Shared.Models.PasswordGenerationResponse'.
2026-01-09 21:32:38.280 +01:00 [INF] Executed action Lyn.Backend.Controllers.PasswordGeneratorController.GeneratePassword (Lyn.Backend) in 202.4703ms
2026-01-09 21:32:38.280 +01:00 [INF] Executed endpoint 'Lyn.Backend.Controllers.PasswordGeneratorController.GeneratePassword (Lyn.Backend)'
2026-01-09 21:32:38.281 +01:00 [INF] HTTP POST /api/passwordgenerator responded 200 in 205.8747 ms
2026-01-09 21:32:38.282 +01:00 [INF] Request finished HTTP/1.1 POST http://localhost:5003/api/passwordgenerator - 200 null application/json; charset=utf-8 208.1535ms
2026-01-09 21:38:57.009 +01:00 [INF] Request starting HTTP/1.1 OPTIONS http://localhost:5003/api/passwordgenerator - null null
2026-01-09 21:38:57.011 +01:00 [INF] CORS policy execution successful.
2026-01-09 21:38:57.011 +01:00 [INF] HTTP OPTIONS /api/passwordgenerator responded 204 in 0.5380 ms
2026-01-09 21:38:57.012 +01:00 [INF] Request finished HTTP/1.1 OPTIONS http://localhost:5003/api/passwordgenerator - 204 null null 6.125ms
2026-01-09 21:38:57.014 +01:00 [INF] Request starting HTTP/1.1 POST http://localhost:5003/api/passwordgenerator - application/json; charset=utf-8 86
2026-01-09 21:38:57.015 +01:00 [INF] CORS policy execution successful.
2026-01-09 21:38:57.016 +01:00 [INF] Executing endpoint 'Lyn.Backend.Controllers.PasswordGeneratorController.GeneratePassword (Lyn.Backend)'
2026-01-09 21:38:57.016 +01:00 [INF] Route matched with {action = "GeneratePassword", controller = "PasswordGenerator"}. Executing controller action with signature System.Threading.Tasks.Task`1[Microsoft.AspNetCore.Mvc.IActionResult] GeneratePassword(Lyn.Shared.Models.PasswordGenerationRequest) on controller Lyn.Backend.Controllers.PasswordGeneratorController (Lyn.Backend).
2026-01-09 21:38:57.210 +01:00 [INF] Executing OkObjectResult, writing value of type 'Lyn.Shared.Models.PasswordGenerationResponse'.
2026-01-09 21:38:57.212 +01:00 [INF] Executed action Lyn.Backend.Controllers.PasswordGeneratorController.GeneratePassword (Lyn.Backend) in 194.8759ms
2026-01-09 21:38:57.213 +01:00 [INF] Executed endpoint 'Lyn.Backend.Controllers.PasswordGeneratorController.GeneratePassword (Lyn.Backend)'
2026-01-09 21:38:57.214 +01:00 [INF] HTTP POST /api/passwordgenerator responded 200 in 198.6232 ms
2026-01-09 21:38:57.215 +01:00 [INF] Request finished HTTP/1.1 POST http://localhost:5003/api/passwordgenerator - 200 null application/json; charset=utf-8 200.6909ms
2026-01-09 21:38:57.815 +01:00 [INF] Request starting HTTP/1.1 POST http://localhost:5003/api/passwordgenerator - application/json; charset=utf-8 86
2026-01-09 21:38:57.816 +01:00 [INF] CORS policy execution successful.
2026-01-09 21:38:57.817 +01:00 [INF] Executing endpoint 'Lyn.Backend.Controllers.PasswordGeneratorController.GeneratePassword (Lyn.Backend)'
2026-01-09 21:38:57.817 +01:00 [INF] Route matched with {action = "GeneratePassword", controller = "PasswordGenerator"}. Executing controller action with signature System.Threading.Tasks.Task`1[Microsoft.AspNetCore.Mvc.IActionResult] GeneratePassword(Lyn.Shared.Models.PasswordGenerationRequest) on controller Lyn.Backend.Controllers.PasswordGeneratorController (Lyn.Backend).
2026-01-09 21:38:58.016 +01:00 [INF] Executing OkObjectResult, writing value of type 'Lyn.Shared.Models.PasswordGenerationResponse'.
2026-01-09 21:38:58.017 +01:00 [INF] Executed action Lyn.Backend.Controllers.PasswordGeneratorController.GeneratePassword (Lyn.Backend) in 199.1527ms
2026-01-09 21:38:58.018 +01:00 [INF] Executed endpoint 'Lyn.Backend.Controllers.PasswordGeneratorController.GeneratePassword (Lyn.Backend)'
2026-01-09 21:38:58.019 +01:00 [INF] HTTP POST /api/passwordgenerator responded 200 in 202.6410 ms
2026-01-09 21:38:58.020 +01:00 [INF] Request finished HTTP/1.1 POST http://localhost:5003/api/passwordgenerator - 200 null application/json; charset=utf-8 205.2925ms
2026-01-09 21:38:58.584 +01:00 [INF] Request starting HTTP/1.1 POST http://localhost:5003/api/passwordgenerator - application/json; charset=utf-8 86
2026-01-09 21:38:58.586 +01:00 [INF] CORS policy execution successful.
2026-01-09 21:38:58.586 +01:00 [INF] Executing endpoint 'Lyn.Backend.Controllers.PasswordGeneratorController.GeneratePassword (Lyn.Backend)'
2026-01-09 21:38:58.587 +01:00 [INF] Route matched with {action = "GeneratePassword", controller = "PasswordGenerator"}. Executing controller action with signature System.Threading.Tasks.Task`1[Microsoft.AspNetCore.Mvc.IActionResult] GeneratePassword(Lyn.Shared.Models.PasswordGenerationRequest) on controller Lyn.Backend.Controllers.PasswordGeneratorController (Lyn.Backend).
2026-01-09 21:38:58.780 +01:00 [INF] Executing OkObjectResult, writing value of type 'Lyn.Shared.Models.PasswordGenerationResponse'.
2026-01-09 21:38:58.781 +01:00 [INF] Executed action Lyn.Backend.Controllers.PasswordGeneratorController.GeneratePassword (Lyn.Backend) in 193.2178ms
2026-01-09 21:38:58.782 +01:00 [INF] Executed endpoint 'Lyn.Backend.Controllers.PasswordGeneratorController.GeneratePassword (Lyn.Backend)'
2026-01-09 21:38:58.783 +01:00 [INF] HTTP POST /api/passwordgenerator responded 200 in 196.9175 ms
2026-01-09 21:38:58.784 +01:00 [INF] Request finished HTTP/1.1 POST http://localhost:5003/api/passwordgenerator - 200 null application/json; charset=utf-8 199.839ms
2026-01-09 21:38:59.285 +01:00 [INF] Request starting HTTP/1.1 POST http://localhost:5003/api/passwordgenerator - application/json; charset=utf-8 86
2026-01-09 21:38:59.287 +01:00 [INF] CORS policy execution successful.
2026-01-09 21:38:59.287 +01:00 [INF] Executing endpoint 'Lyn.Backend.Controllers.PasswordGeneratorController.GeneratePassword (Lyn.Backend)'
2026-01-09 21:38:59.288 +01:00 [INF] Route matched with {action = "GeneratePassword", controller = "PasswordGenerator"}. Executing controller action with signature System.Threading.Tasks.Task`1[Microsoft.AspNetCore.Mvc.IActionResult] GeneratePassword(Lyn.Shared.Models.PasswordGenerationRequest) on controller Lyn.Backend.Controllers.PasswordGeneratorController (Lyn.Backend).
2026-01-09 21:38:59.489 +01:00 [INF] Executing OkObjectResult, writing value of type 'Lyn.Shared.Models.PasswordGenerationResponse'.
2026-01-09 21:38:59.490 +01:00 [INF] Executed action Lyn.Backend.Controllers.PasswordGeneratorController.GeneratePassword (Lyn.Backend) in 200.8942ms
2026-01-09 21:38:59.491 +01:00 [INF] Executed endpoint 'Lyn.Backend.Controllers.PasswordGeneratorController.GeneratePassword (Lyn.Backend)'
2026-01-09 21:38:59.491 +01:00 [INF] HTTP POST /api/passwordgenerator responded 200 in 204.4662 ms
2026-01-09 21:38:59.492 +01:00 [INF] Request finished HTTP/1.1 POST http://localhost:5003/api/passwordgenerator - 200 null application/json; charset=utf-8 207.3099ms
2026-01-09 21:39:00.282 +01:00 [INF] Request starting HTTP/1.1 POST http://localhost:5003/api/passwordgenerator - application/json; charset=utf-8 86
2026-01-09 21:39:00.283 +01:00 [INF] CORS policy execution successful.
2026-01-09 21:39:00.284 +01:00 [INF] Executing endpoint 'Lyn.Backend.Controllers.PasswordGeneratorController.GeneratePassword (Lyn.Backend)'
2026-01-09 21:39:00.285 +01:00 [INF] Route matched with {action = "GeneratePassword", controller = "PasswordGenerator"}. Executing controller action with signature System.Threading.Tasks.Task`1[Microsoft.AspNetCore.Mvc.IActionResult] GeneratePassword(Lyn.Shared.Models.PasswordGenerationRequest) on controller Lyn.Backend.Controllers.PasswordGeneratorController (Lyn.Backend).
2026-01-09 21:39:00.488 +01:00 [INF] Executing OkObjectResult, writing value of type 'Lyn.Shared.Models.PasswordGenerationResponse'.
2026-01-09 21:39:00.489 +01:00 [INF] Executed action Lyn.Backend.Controllers.PasswordGeneratorController.GeneratePassword (Lyn.Backend) in 203.4366ms
2026-01-09 21:39:00.490 +01:00 [INF] Executed endpoint 'Lyn.Backend.Controllers.PasswordGeneratorController.GeneratePassword (Lyn.Backend)'
2026-01-09 21:39:00.491 +01:00 [INF] HTTP POST /api/passwordgenerator responded 200 in 207.2055 ms
2026-01-09 21:39:00.492 +01:00 [INF] Request finished HTTP/1.1 POST http://localhost:5003/api/passwordgenerator - 200 null application/json; charset=utf-8 209.9887ms
2026-01-09 21:39:05.345 +01:00 [INF] Request starting HTTP/1.1 OPTIONS http://localhost:5003/api/passwordgenerator - null null
2026-01-09 21:39:05.346 +01:00 [INF] CORS policy execution successful.
2026-01-09 21:39:05.347 +01:00 [INF] HTTP OPTIONS /api/passwordgenerator responded 204 in 0.5551 ms
2026-01-09 21:39:05.348 +01:00 [INF] Request finished HTTP/1.1 OPTIONS http://localhost:5003/api/passwordgenerator - 204 null null 3.3003ms
2026-01-09 21:39:05.350 +01:00 [INF] Request starting HTTP/1.1 POST http://localhost:5003/api/passwordgenerator - application/json; charset=utf-8 86
2026-01-09 21:39:05.352 +01:00 [INF] CORS policy execution successful.
2026-01-09 21:39:05.352 +01:00 [INF] Executing endpoint 'Lyn.Backend.Controllers.PasswordGeneratorController.GeneratePassword (Lyn.Backend)'
2026-01-09 21:39:05.353 +01:00 [INF] Route matched with {action = "GeneratePassword", controller = "PasswordGenerator"}. Executing controller action with signature System.Threading.Tasks.Task`1[Microsoft.AspNetCore.Mvc.IActionResult] GeneratePassword(Lyn.Shared.Models.PasswordGenerationRequest) on controller Lyn.Backend.Controllers.PasswordGeneratorController (Lyn.Backend).
2026-01-09 21:39:05.550 +01:00 [INF] Executing OkObjectResult, writing value of type 'Lyn.Shared.Models.PasswordGenerationResponse'.
2026-01-09 21:39:05.552 +01:00 [INF] Executed action Lyn.Backend.Controllers.PasswordGeneratorController.GeneratePassword (Lyn.Backend) in 197.3524ms
2026-01-09 21:39:05.552 +01:00 [INF] Executed endpoint 'Lyn.Backend.Controllers.PasswordGeneratorController.GeneratePassword (Lyn.Backend)'
2026-01-09 21:39:05.553 +01:00 [INF] HTTP POST /api/passwordgenerator responded 200 in 201.2386 ms
2026-01-09 21:39:05.554 +01:00 [INF] Request finished HTTP/1.1 POST http://localhost:5003/api/passwordgenerator - 200 null application/json; charset=utf-8 204.0953ms
2026-01-09 21:39:08.589 +01:00 [INF] Request starting HTTP/1.1 POST http://localhost:5003/api/passwordgenerator - application/json; charset=utf-8 76
2026-01-09 21:39:08.591 +01:00 [INF] CORS policy execution successful.
2026-01-09 21:39:08.591 +01:00 [INF] Executing endpoint 'Lyn.Backend.Controllers.PasswordGeneratorController.GeneratePassword (Lyn.Backend)'
2026-01-09 21:39:08.592 +01:00 [INF] Route matched with {action = "GeneratePassword", controller = "PasswordGenerator"}. Executing controller action with signature System.Threading.Tasks.Task`1[Microsoft.AspNetCore.Mvc.IActionResult] GeneratePassword(Lyn.Shared.Models.PasswordGenerationRequest) on controller Lyn.Backend.Controllers.PasswordGeneratorController (Lyn.Backend).
2026-01-09 21:39:08.785 +01:00 [INF] Executing OkObjectResult, writing value of type 'Lyn.Shared.Models.PasswordGenerationResponse'.
2026-01-09 21:39:08.786 +01:00 [INF] Executed action Lyn.Backend.Controllers.PasswordGeneratorController.GeneratePassword (Lyn.Backend) in 192.9024ms
2026-01-09 21:39:08.787 +01:00 [INF] Executed endpoint 'Lyn.Backend.Controllers.PasswordGeneratorController.GeneratePassword (Lyn.Backend)'
2026-01-09 21:39:08.788 +01:00 [INF] HTTP POST /api/passwordgenerator responded 200 in 197.2073 ms
2026-01-09 21:39:08.789 +01:00 [INF] Request finished HTTP/1.1 POST http://localhost:5003/api/passwordgenerator - 200 null application/json; charset=utf-8 200.4021ms
2026-01-09 21:43:51.531 +01:00 [INF] Request starting HTTP/1.1 OPTIONS http://localhost:5003/api/passwordgenerator - null null
2026-01-09 21:43:51.532 +01:00 [INF] CORS policy execution successful.
2026-01-09 21:43:51.533 +01:00 [INF] HTTP OPTIONS /api/passwordgenerator responded 204 in 0.5212 ms
2026-01-09 21:43:51.534 +01:00 [INF] Request finished HTTP/1.1 OPTIONS http://localhost:5003/api/passwordgenerator - 204 null null 3.2245ms
2026-01-09 21:43:51.540 +01:00 [INF] Request starting HTTP/1.1 POST http://localhost:5003/api/passwordgenerator - application/json; charset=utf-8 76
2026-01-09 21:43:51.542 +01:00 [INF] CORS policy execution successful.
2026-01-09 21:43:51.542 +01:00 [INF] Executing endpoint 'Lyn.Backend.Controllers.PasswordGeneratorController.GeneratePassword (Lyn.Backend)'
2026-01-09 21:43:51.543 +01:00 [INF] Route matched with {action = "GeneratePassword", controller = "PasswordGenerator"}. Executing controller action with signature System.Threading.Tasks.Task`1[Microsoft.AspNetCore.Mvc.IActionResult] GeneratePassword(Lyn.Shared.Models.PasswordGenerationRequest) on controller Lyn.Backend.Controllers.PasswordGeneratorController (Lyn.Backend).
2026-01-09 21:43:51.738 +01:00 [INF] Executing OkObjectResult, writing value of type 'Lyn.Shared.Models.PasswordGenerationResponse'.
2026-01-09 21:43:51.739 +01:00 [INF] Executed action Lyn.Backend.Controllers.PasswordGeneratorController.GeneratePassword (Lyn.Backend) in 195.7036ms
2026-01-09 21:43:51.740 +01:00 [INF] Executed endpoint 'Lyn.Backend.Controllers.PasswordGeneratorController.GeneratePassword (Lyn.Backend)'
2026-01-09 21:43:51.741 +01:00 [INF] HTTP POST /api/passwordgenerator responded 200 in 199.1420 ms
2026-01-09 21:43:51.742 +01:00 [INF] Request finished HTTP/1.1 POST http://localhost:5003/api/passwordgenerator - 200 null application/json; charset=utf-8 201.6934ms
2026-01-09 21:44:23.210 +01:00 [INF] Request starting HTTP/1.1 OPTIONS http://localhost:5003/api/passwordgenerator - null null
2026-01-09 21:44:23.211 +01:00 [INF] CORS policy execution successful.
2026-01-09 21:44:23.212 +01:00 [INF] HTTP OPTIONS /api/passwordgenerator responded 204 in 0.5435 ms
2026-01-09 21:44:23.213 +01:00 [INF] Request finished HTTP/1.1 OPTIONS http://localhost:5003/api/passwordgenerator - 204 null null 3.2823ms
2026-01-09 21:44:23.214 +01:00 [INF] Request starting HTTP/1.1 POST http://localhost:5003/api/passwordgenerator - application/json; charset=utf-8 76
2026-01-09 21:44:23.216 +01:00 [INF] CORS policy execution successful.
2026-01-09 21:44:23.217 +01:00 [INF] Executing endpoint 'Lyn.Backend.Controllers.PasswordGeneratorController.GeneratePassword (Lyn.Backend)'
2026-01-09 21:44:23.217 +01:00 [INF] Route matched with {action = "GeneratePassword", controller = "PasswordGenerator"}. Executing controller action with signature System.Threading.Tasks.Task`1[Microsoft.AspNetCore.Mvc.IActionResult] GeneratePassword(Lyn.Shared.Models.PasswordGenerationRequest) on controller Lyn.Backend.Controllers.PasswordGeneratorController (Lyn.Backend).
2026-01-09 21:44:23.412 +01:00 [INF] Executing OkObjectResult, writing value of type 'Lyn.Shared.Models.PasswordGenerationResponse'.
2026-01-09 21:44:23.413 +01:00 [INF] Executed action Lyn.Backend.Controllers.PasswordGeneratorController.GeneratePassword (Lyn.Backend) in 194.6617ms
2026-01-09 21:44:23.414 +01:00 [INF] Executed endpoint 'Lyn.Backend.Controllers.PasswordGeneratorController.GeneratePassword (Lyn.Backend)'
2026-01-09 21:44:23.414 +01:00 [INF] HTTP POST /api/passwordgenerator responded 200 in 198.2614 ms
2026-01-09 21:44:23.415 +01:00 [INF] Request finished HTTP/1.1 POST http://localhost:5003/api/passwordgenerator - 200 null application/json; charset=utf-8 200.7691ms
2026-01-09 21:47:11.330 +01:00 [INF] Request starting HTTP/1.1 OPTIONS http://localhost:5003/api/passwordgenerator - null null
2026-01-09 21:47:11.332 +01:00 [INF] CORS policy execution successful.
2026-01-09 21:47:11.332 +01:00 [INF] HTTP OPTIONS /api/passwordgenerator responded 204 in 0.5410 ms
2026-01-09 21:47:11.333 +01:00 [INF] Request finished HTTP/1.1 OPTIONS http://localhost:5003/api/passwordgenerator - 204 null null 3.4399ms
2026-01-09 21:47:11.335 +01:00 [INF] Request starting HTTP/1.1 POST http://localhost:5003/api/passwordgenerator - application/json; charset=utf-8 76
2026-01-09 21:47:11.337 +01:00 [INF] CORS policy execution successful.
2026-01-09 21:47:11.337 +01:00 [INF] Executing endpoint 'Lyn.Backend.Controllers.PasswordGeneratorController.GeneratePassword (Lyn.Backend)'
2026-01-09 21:47:11.338 +01:00 [INF] Route matched with {action = "GeneratePassword", controller = "PasswordGenerator"}. Executing controller action with signature System.Threading.Tasks.Task`1[Microsoft.AspNetCore.Mvc.IActionResult] GeneratePassword(Lyn.Shared.Models.PasswordGenerationRequest) on controller Lyn.Backend.Controllers.PasswordGeneratorController (Lyn.Backend).
2026-01-09 21:47:11.531 +01:00 [INF] Executing OkObjectResult, writing value of type 'Lyn.Shared.Models.PasswordGenerationResponse'.
2026-01-09 21:47:11.532 +01:00 [INF] Executed action Lyn.Backend.Controllers.PasswordGeneratorController.GeneratePassword (Lyn.Backend) in 193.1613ms
2026-01-09 21:47:11.533 +01:00 [INF] Executed endpoint 'Lyn.Backend.Controllers.PasswordGeneratorController.GeneratePassword (Lyn.Backend)'
2026-01-09 21:47:11.534 +01:00 [INF] HTTP POST /api/passwordgenerator responded 200 in 196.7610 ms
2026-01-09 21:47:11.535 +01:00 [INF] Request finished HTTP/1.1 POST http://localhost:5003/api/passwordgenerator - 200 null application/json; charset=utf-8 199.3447ms
2026-01-09 21:47:12.114 +01:00 [INF] Request starting HTTP/1.1 POST http://localhost:5003/api/passwordgenerator - application/json; charset=utf-8 76
2026-01-09 21:47:12.115 +01:00 [INF] CORS policy execution successful.
2026-01-09 21:47:12.116 +01:00 [INF] Executing endpoint 'Lyn.Backend.Controllers.PasswordGeneratorController.GeneratePassword (Lyn.Backend)'
2026-01-09 21:47:12.116 +01:00 [INF] Route matched with {action = "GeneratePassword", controller = "PasswordGenerator"}. Executing controller action with signature System.Threading.Tasks.Task`1[Microsoft.AspNetCore.Mvc.IActionResult] GeneratePassword(Lyn.Shared.Models.PasswordGenerationRequest) on controller Lyn.Backend.Controllers.PasswordGeneratorController (Lyn.Backend).
2026-01-09 21:47:12.304 +01:00 [INF] Executing OkObjectResult, writing value of type 'Lyn.Shared.Models.PasswordGenerationResponse'.
2026-01-09 21:47:12.305 +01:00 [INF] Executed action Lyn.Backend.Controllers.PasswordGeneratorController.GeneratePassword (Lyn.Backend) in 188.4267ms
2026-01-09 21:47:12.306 +01:00 [INF] Executed endpoint 'Lyn.Backend.Controllers.PasswordGeneratorController.GeneratePassword (Lyn.Backend)'
2026-01-09 21:47:12.307 +01:00 [INF] HTTP POST /api/passwordgenerator responded 200 in 191.8045 ms
2026-01-09 21:47:12.308 +01:00 [INF] Request finished HTTP/1.1 POST http://localhost:5003/api/passwordgenerator - 200 null application/json; charset=utf-8 194.4812ms
2026-01-09 21:47:12.954 +01:00 [INF] Request starting HTTP/1.1 POST http://localhost:5003/api/passwordgenerator - application/json; charset=utf-8 76
2026-01-09 21:47:12.956 +01:00 [INF] CORS policy execution successful.
2026-01-09 21:47:12.956 +01:00 [INF] Executing endpoint 'Lyn.Backend.Controllers.PasswordGeneratorController.GeneratePassword (Lyn.Backend)'
2026-01-09 21:47:12.957 +01:00 [INF] Route matched with {action = "GeneratePassword", controller = "PasswordGenerator"}. Executing controller action with signature System.Threading.Tasks.Task`1[Microsoft.AspNetCore.Mvc.IActionResult] GeneratePassword(Lyn.Shared.Models.PasswordGenerationRequest) on controller Lyn.Backend.Controllers.PasswordGeneratorController (Lyn.Backend).
2026-01-09 21:47:13.148 +01:00 [INF] Executing OkObjectResult, writing value of type 'Lyn.Shared.Models.PasswordGenerationResponse'.
2026-01-09 21:47:13.149 +01:00 [INF] Executed action Lyn.Backend.Controllers.PasswordGeneratorController.GeneratePassword (Lyn.Backend) in 191.3062ms
2026-01-09 21:47:13.150 +01:00 [INF] Executed endpoint 'Lyn.Backend.Controllers.PasswordGeneratorController.GeneratePassword (Lyn.Backend)'
2026-01-09 21:47:13.151 +01:00 [INF] HTTP POST /api/passwordgenerator responded 200 in 194.9754 ms
2026-01-09 21:47:13.152 +01:00 [INF] Request finished HTTP/1.1 POST http://localhost:5003/api/passwordgenerator - 200 null application/json; charset=utf-8 197.8614ms
2026-01-09 21:56:12.173 +01:00 [INF] Request starting HTTP/1.1 OPTIONS http://localhost:5003/api/passwordgenerator - null null
2026-01-09 21:56:12.174 +01:00 [INF] CORS policy execution successful.
2026-01-09 21:56:12.175 +01:00 [INF] HTTP OPTIONS /api/passwordgenerator responded 204 in 0.5028 ms
2026-01-09 21:56:12.176 +01:00 [INF] Request finished HTTP/1.1 OPTIONS http://localhost:5003/api/passwordgenerator - 204 null null 3.1536ms
2026-01-09 21:56:12.178 +01:00 [INF] Request starting HTTP/1.1 POST http://localhost:5003/api/passwordgenerator - application/json; charset=utf-8 76
2026-01-09 21:56:12.180 +01:00 [INF] CORS policy execution successful.
2026-01-09 21:56:12.180 +01:00 [INF] Executing endpoint 'Lyn.Backend.Controllers.PasswordGeneratorController.GeneratePassword (Lyn.Backend)'
2026-01-09 21:56:12.181 +01:00 [INF] Route matched with {action = "GeneratePassword", controller = "PasswordGenerator"}. Executing controller action with signature System.Threading.Tasks.Task`1[Microsoft.AspNetCore.Mvc.IActionResult] GeneratePassword(Lyn.Shared.Models.PasswordGenerationRequest) on controller Lyn.Backend.Controllers.PasswordGeneratorController (Lyn.Backend).
2026-01-09 21:56:12.381 +01:00 [INF] Executing OkObjectResult, writing value of type 'Lyn.Shared.Models.PasswordGenerationResponse'.
2026-01-09 21:56:12.381 +01:00 [INF] Executed action Lyn.Backend.Controllers.PasswordGeneratorController.GeneratePassword (Lyn.Backend) in 199.7237ms
2026-01-09 21:56:12.382 +01:00 [INF] Executed endpoint 'Lyn.Backend.Controllers.PasswordGeneratorController.GeneratePassword (Lyn.Backend)'
2026-01-09 21:56:12.383 +01:00 [INF] HTTP POST /api/passwordgenerator responded 200 in 203.1467 ms
2026-01-09 21:56:12.384 +01:00 [INF] Request finished HTTP/1.1 POST http://localhost:5003/api/passwordgenerator - 200 null application/json; charset=utf-8 205.4302ms
2026-01-09 22:04:08.445 +01:00 [INF] Request starting HTTP/1.1 OPTIONS http://localhost:5003/api/passwordgenerator - null null
2026-01-09 22:04:08.447 +01:00 [INF] CORS policy execution successful.
2026-01-09 22:04:08.447 +01:00 [INF] HTTP OPTIONS /api/passwordgenerator responded 204 in 0.6015 ms
2026-01-09 22:04:08.448 +01:00 [INF] Request finished HTTP/1.1 OPTIONS http://localhost:5003/api/passwordgenerator - 204 null null 3.2926ms
2026-01-09 22:04:08.451 +01:00 [INF] Request starting HTTP/1.1 POST http://localhost:5003/api/passwordgenerator - application/json; charset=utf-8 76
2026-01-09 22:04:08.452 +01:00 [INF] CORS policy execution successful.
2026-01-09 22:04:08.453 +01:00 [INF] Executing endpoint 'Lyn.Backend.Controllers.PasswordGeneratorController.GeneratePassword (Lyn.Backend)'
2026-01-09 22:04:08.453 +01:00 [INF] Route matched with {action = "GeneratePassword", controller = "PasswordGenerator"}. Executing controller action with signature System.Threading.Tasks.Task`1[Microsoft.AspNetCore.Mvc.IActionResult] GeneratePassword(Lyn.Shared.Models.PasswordGenerationRequest) on controller Lyn.Backend.Controllers.PasswordGeneratorController (Lyn.Backend).
2026-01-09 22:04:08.655 +01:00 [INF] Executing OkObjectResult, writing value of type 'Lyn.Shared.Models.PasswordGenerationResponse'.
2026-01-09 22:04:08.656 +01:00 [INF] Executed action Lyn.Backend.Controllers.PasswordGeneratorController.GeneratePassword (Lyn.Backend) in 201.991ms
2026-01-09 22:04:08.657 +01:00 [INF] Executed endpoint 'Lyn.Backend.Controllers.PasswordGeneratorController.GeneratePassword (Lyn.Backend)'
2026-01-09 22:04:08.658 +01:00 [INF] HTTP POST /api/passwordgenerator responded 200 in 205.8678 ms
2026-01-09 22:04:08.659 +01:00 [INF] Request finished HTTP/1.1 POST http://localhost:5003/api/passwordgenerator - 200 null application/json; charset=utf-8 208.3155ms
2026-01-09 23:01:49.924 +01:00 [INF] Request starting HTTP/1.1 OPTIONS http://localhost:5003/api/passwordgenerator - null null
2026-01-09 23:01:49.926 +01:00 [INF] CORS policy execution successful.
2026-01-09 23:01:49.927 +01:00 [INF] HTTP OPTIONS /api/passwordgenerator responded 204 in 0.7463 ms
2026-01-09 23:01:49.928 +01:00 [INF] Request finished HTTP/1.1 OPTIONS http://localhost:5003/api/passwordgenerator - 204 null null 4.1501ms
2026-01-09 23:01:49.932 +01:00 [INF] Request starting HTTP/1.1 POST http://localhost:5003/api/passwordgenerator - application/json; charset=utf-8 76
2026-01-09 23:01:49.933 +01:00 [INF] CORS policy execution successful.
2026-01-09 23:01:49.934 +01:00 [INF] Executing endpoint 'Lyn.Backend.Controllers.PasswordGeneratorController.GeneratePassword (Lyn.Backend)'
2026-01-09 23:01:49.935 +01:00 [INF] Route matched with {action = "GeneratePassword", controller = "PasswordGenerator"}. Executing controller action with signature System.Threading.Tasks.Task`1[Microsoft.AspNetCore.Mvc.IActionResult] GeneratePassword(Lyn.Shared.Models.PasswordGenerationRequest) on controller Lyn.Backend.Controllers.PasswordGeneratorController (Lyn.Backend).
2026-01-09 23:01:50.185 +01:00 [INF] Executing OkObjectResult, writing value of type 'Lyn.Shared.Models.PasswordGenerationResponse'.
2026-01-09 23:01:50.186 +01:00 [INF] Executed action Lyn.Backend.Controllers.PasswordGeneratorController.GeneratePassword (Lyn.Backend) in 250.2004ms
2026-01-09 23:01:50.187 +01:00 [INF] Executed endpoint 'Lyn.Backend.Controllers.PasswordGeneratorController.GeneratePassword (Lyn.Backend)'
2026-01-09 23:01:50.188 +01:00 [INF] HTTP POST /api/passwordgenerator responded 200 in 254.3716 ms
2026-01-09 23:01:50.189 +01:00 [INF] Request finished HTTP/1.1 POST http://localhost:5003/api/passwordgenerator - 200 null application/json; charset=utf-8 257.0465ms
2026-01-09 23:49:55.862 +01:00 [INF] Request starting HTTP/1.1 OPTIONS http://localhost:5003/api/passwordgenerator - null null
2026-01-09 23:49:55.864 +01:00 [INF] CORS policy execution successful.
2026-01-09 23:49:55.865 +01:00 [INF] HTTP OPTIONS /api/passwordgenerator responded 204 in 0.5610 ms
2026-01-09 23:49:55.866 +01:00 [INF] Request finished HTTP/1.1 OPTIONS http://localhost:5003/api/passwordgenerator - 204 null null 3.4281ms
2026-01-09 23:49:55.867 +01:00 [INF] Request starting HTTP/1.1 POST http://localhost:5003/api/passwordgenerator - application/json; charset=utf-8 76
2026-01-09 23:49:55.869 +01:00 [INF] CORS policy execution successful.
2026-01-09 23:49:55.869 +01:00 [INF] Executing endpoint 'Lyn.Backend.Controllers.PasswordGeneratorController.GeneratePassword (Lyn.Backend)'
2026-01-09 23:49:55.870 +01:00 [INF] Route matched with {action = "GeneratePassword", controller = "PasswordGenerator"}. Executing controller action with signature System.Threading.Tasks.Task`1[Microsoft.AspNetCore.Mvc.IActionResult] GeneratePassword(Lyn.Shared.Models.PasswordGenerationRequest) on controller Lyn.Backend.Controllers.PasswordGeneratorController (Lyn.Backend).
2026-01-09 23:49:56.117 +01:00 [INF] Executing OkObjectResult, writing value of type 'Lyn.Shared.Models.PasswordGenerationResponse'.
2026-01-09 23:49:56.119 +01:00 [INF] Executed action Lyn.Backend.Controllers.PasswordGeneratorController.GeneratePassword (Lyn.Backend) in 247.7321ms
2026-01-09 23:49:56.119 +01:00 [INF] Executed endpoint 'Lyn.Backend.Controllers.PasswordGeneratorController.GeneratePassword (Lyn.Backend)'
2026-01-09 23:49:56.120 +01:00 [INF] HTTP POST /api/passwordgenerator responded 200 in 251.2825 ms
2026-01-09 23:49:56.121 +01:00 [INF] Request finished HTTP/1.1 POST http://localhost:5003/api/passwordgenerator - 200 null application/json; charset=utf-8 253.812ms
2026-01-09 23:49:59.336 +01:00 [INF] Request starting HTTP/1.1 POST http://localhost:5003/api/passwordgenerator - application/json; charset=utf-8 76
2026-01-09 23:49:59.337 +01:00 [INF] CORS policy execution successful.
2026-01-09 23:49:59.338 +01:00 [INF] Executing endpoint 'Lyn.Backend.Controllers.PasswordGeneratorController.GeneratePassword (Lyn.Backend)'
2026-01-09 23:49:59.338 +01:00 [INF] Route matched with {action = "GeneratePassword", controller = "PasswordGenerator"}. Executing controller action with signature System.Threading.Tasks.Task`1[Microsoft.AspNetCore.Mvc.IActionResult] GeneratePassword(Lyn.Shared.Models.PasswordGenerationRequest) on controller Lyn.Backend.Controllers.PasswordGeneratorController (Lyn.Backend).
2026-01-09 23:49:59.588 +01:00 [INF] Executing OkObjectResult, writing value of type 'Lyn.Shared.Models.PasswordGenerationResponse'.
2026-01-09 23:49:59.589 +01:00 [INF] Executed action Lyn.Backend.Controllers.PasswordGeneratorController.GeneratePassword (Lyn.Backend) in 249.4628ms
2026-01-09 23:49:59.590 +01:00 [INF] Executed endpoint 'Lyn.Backend.Controllers.PasswordGeneratorController.GeneratePassword (Lyn.Backend)'
2026-01-09 23:49:59.591 +01:00 [INF] HTTP POST /api/passwordgenerator responded 200 in 253.5924 ms
2026-01-09 23:49:59.592 +01:00 [INF] Request finished HTTP/1.1 POST http://localhost:5003/api/passwordgenerator - 200 null application/json; charset=utf-8 256.1542ms
2026-01-09 23:50:01.959 +01:00 [INF] Request starting HTTP/1.1 OPTIONS http://localhost:5003/api/passwordgenerator - null null
2026-01-09 23:50:01.960 +01:00 [INF] CORS policy execution successful.
2026-01-09 23:50:01.961 +01:00 [INF] HTTP OPTIONS /api/passwordgenerator responded 204 in 0.5062 ms
2026-01-09 23:50:01.962 +01:00 [INF] Request finished HTTP/1.1 OPTIONS http://localhost:5003/api/passwordgenerator - 204 null null 2.9965ms
2026-01-09 23:50:01.964 +01:00 [INF] Request starting HTTP/1.1 POST http://localhost:5003/api/passwordgenerator - application/json; charset=utf-8 76
2026-01-09 23:50:01.965 +01:00 [INF] CORS policy execution successful.
2026-01-09 23:50:01.966 +01:00 [INF] Executing endpoint 'Lyn.Backend.Controllers.PasswordGeneratorController.GeneratePassword (Lyn.Backend)'
2026-01-09 23:50:01.966 +01:00 [INF] Route matched with {action = "GeneratePassword", controller = "PasswordGenerator"}. Executing controller action with signature System.Threading.Tasks.Task`1[Microsoft.AspNetCore.Mvc.IActionResult] GeneratePassword(Lyn.Shared.Models.PasswordGenerationRequest) on controller Lyn.Backend.Controllers.PasswordGeneratorController (Lyn.Backend).
2026-01-09 23:50:02.192 +01:00 [INF] Executing OkObjectResult, writing value of type 'Lyn.Shared.Models.PasswordGenerationResponse'.
2026-01-09 23:50:02.193 +01:00 [INF] Executed action Lyn.Backend.Controllers.PasswordGeneratorController.GeneratePassword (Lyn.Backend) in 225.4651ms
2026-01-09 23:50:02.194 +01:00 [INF] Executed endpoint 'Lyn.Backend.Controllers.PasswordGeneratorController.GeneratePassword (Lyn.Backend)'
2026-01-09 23:50:02.194 +01:00 [INF] HTTP POST /api/passwordgenerator responded 200 in 229.1474 ms
2026-01-09 23:50:02.195 +01:00 [INF] Request finished HTTP/1.1 POST http://localhost:5003/api/passwordgenerator - 200 null application/json; charset=utf-8 231.4838ms
2026-01-09 23:50:03.824 +01:00 [INF] Request starting HTTP/1.1 POST http://localhost:5003/api/passwordgenerator - application/json; charset=utf-8 76
2026-01-09 23:50:03.825 +01:00 [INF] CORS policy execution successful.
2026-01-09 23:50:03.826 +01:00 [INF] Executing endpoint 'Lyn.Backend.Controllers.PasswordGeneratorController.GeneratePassword (Lyn.Backend)'
2026-01-09 23:50:03.826 +01:00 [INF] Route matched with {action = "GeneratePassword", controller = "PasswordGenerator"}. Executing controller action with signature System.Threading.Tasks.Task`1[Microsoft.AspNetCore.Mvc.IActionResult] GeneratePassword(Lyn.Shared.Models.PasswordGenerationRequest) on controller Lyn.Backend.Controllers.PasswordGeneratorController (Lyn.Backend).
2026-01-09 23:50:04.027 +01:00 [INF] Executing OkObjectResult, writing value of type 'Lyn.Shared.Models.PasswordGenerationResponse'.
2026-01-09 23:50:04.027 +01:00 [INF] Executed action Lyn.Backend.Controllers.PasswordGeneratorController.GeneratePassword (Lyn.Backend) in 200.3787ms
2026-01-09 23:50:04.028 +01:00 [INF] Executed endpoint 'Lyn.Backend.Controllers.PasswordGeneratorController.GeneratePassword (Lyn.Backend)'
2026-01-09 23:50:04.029 +01:00 [INF] HTTP POST /api/passwordgenerator responded 200 in 203.4999 ms
2026-01-09 23:50:04.032 +01:00 [INF] Request finished HTTP/1.1 POST http://localhost:5003/api/passwordgenerator - 200 null application/json; charset=utf-8 207.909ms
2026-01-09 23:50:11.981 +01:00 [INF] Request starting HTTP/1.1 OPTIONS http://localhost:5003/api/passwordgenerator - null null
2026-01-09 23:50:11.983 +01:00 [INF] CORS policy execution successful.
2026-01-09 23:50:11.983 +01:00 [INF] HTTP OPTIONS /api/passwordgenerator responded 204 in 0.9337 ms
2026-01-09 23:50:11.985 +01:00 [INF] Request finished HTTP/1.1 OPTIONS http://localhost:5003/api/passwordgenerator - 204 null null 3.7785ms
2026-01-09 23:50:11.986 +01:00 [INF] Request starting HTTP/1.1 POST http://localhost:5003/api/passwordgenerator - application/json; charset=utf-8 76
2026-01-09 23:50:11.988 +01:00 [INF] CORS policy execution successful.
2026-01-09 23:50:11.988 +01:00 [INF] Executing endpoint 'Lyn.Backend.Controllers.PasswordGeneratorController.GeneratePassword (Lyn.Backend)'
2026-01-09 23:50:11.989 +01:00 [INF] Route matched with {action = "GeneratePassword", controller = "PasswordGenerator"}. Executing controller action with signature System.Threading.Tasks.Task`1[Microsoft.AspNetCore.Mvc.IActionResult] GeneratePassword(Lyn.Shared.Models.PasswordGenerationRequest) on controller Lyn.Backend.Controllers.PasswordGeneratorController (Lyn.Backend).
2026-01-09 23:50:12.183 +01:00 [INF] Executing OkObjectResult, writing value of type 'Lyn.Shared.Models.PasswordGenerationResponse'.
2026-01-09 23:50:12.184 +01:00 [INF] Executed action Lyn.Backend.Controllers.PasswordGeneratorController.GeneratePassword (Lyn.Backend) in 194.7209ms
2026-01-09 23:50:12.185 +01:00 [INF] Executed endpoint 'Lyn.Backend.Controllers.PasswordGeneratorController.GeneratePassword (Lyn.Backend)'
2026-01-09 23:50:12.186 +01:00 [INF] HTTP POST /api/passwordgenerator responded 200 in 198.1932 ms
2026-01-09 23:50:12.187 +01:00 [INF] Request finished HTTP/1.1 POST http://localhost:5003/api/passwordgenerator - 200 null application/json; charset=utf-8 201.0642ms
