2026-06-29 20:47:01.282 +02:00 [INF] Applying database migrations...
2026-06-29 20:47:01.888 +02:00 [ERR] Failed executing DbCommand (16ms) [Parameters=[], CommandType='"Text"', CommandTimeout='30']
SELECT "MigrationId", "ProductVersion"
FROM "__EFMigrationsHistory"
ORDER BY "MigrationId";
2026-06-29 20:47:02.049 +02:00 [INF] Applying migration '20260110130003_AddPasswordGeneratorStatistics'.
2026-06-29 20:47:02.068 +02:00 [INF] Applying migration '20260110131229_AppDownloadsAdded'.
2026-06-29 20:47:02.078 +02:00 [INF] Applying migration '20260110163250_IdentityAdded'.
2026-06-29 20:47:02.115 +02:00 [INF] Applying migration '20260113214109_AddedSuportTicket'.
2026-06-29 20:47:02.138 +02:00 [INF] Applying migration '20260204111030_AddedS3'.
2026-06-29 20:47:02.191 +02:00 [ERR] Failed executing DbCommand (1ms) [Parameters=[], CommandType='"Text"', CommandTimeout='30']
SELECT "MigrationId", "ProductVersion"
FROM "__EFMigrationsHistory_Calorie"
ORDER BY "MigrationId";
2026-06-29 20:47:02.193 +02:00 [INF] No migrations were found in assembly 'Lyn.Backend'. A migration needs to be added before the database can be updated.
2026-06-29 20:47:02.200 +02:00 [INF] No migrations were applied. The database is already up to date.
2026-06-29 20:47:02.201 +02:00 [INF] Database migrations applied successfully
2026-06-29 20:47:02.212 +02:00 [INF] User profile is available. Using 'C:\Users\fredr\AppData\Local\ASP.NET\DataProtection-Keys' as key repository and Windows DPAPI to encrypt keys at rest.
2026-06-29 20:47:02.416 +02:00 [INF] Executed DbCommand (19ms) [Parameters=[@normalizedName='?'], CommandType='"Text"', CommandTimeout='30']
SELECT a."Id", a."ConcurrencyStamp", a."Name", a."NormalizedName"
FROM "AspNetRoles" AS a
WHERE a."NormalizedName" = @normalizedName
LIMIT 1
2026-06-29 20:47:02.422 +02:00 [INF] Executed DbCommand (1ms) [Parameters=[@normalizedName='?'], CommandType='"Text"', CommandTimeout='30']
SELECT a."Id", a."ConcurrencyStamp", a."Name", a."NormalizedName"
FROM "AspNetRoles" AS a
WHERE a."NormalizedName" = @normalizedName
LIMIT 1
2026-06-29 20:47:02.482 +02:00 [INF] Executed DbCommand (2ms) [Parameters=[@p0='?', @p1='?', @p2='?', @p3='?'], CommandType='"Text"', CommandTimeout='30']
INSERT INTO "AspNetRoles" ("Id", "ConcurrencyStamp", "Name", "NormalizedName")
VALUES (@p0, @p1, @p2, @p3);
2026-06-29 20:47:02.488 +02:00 [INF] Created role: Admin
2026-06-29 20:47:02.490 +02:00 [INF] Executed DbCommand (1ms) [Parameters=[@normalizedName='?'], CommandType='"Text"', CommandTimeout='30']
SELECT a."Id", a."ConcurrencyStamp", a."Name", a."NormalizedName"
FROM "AspNetRoles" AS a
WHERE a."NormalizedName" = @normalizedName
LIMIT 1
2026-06-29 20:47:02.492 +02:00 [INF] Executed DbCommand (1ms) [Parameters=[@normalizedName='?'], CommandType='"Text"', CommandTimeout='30']
SELECT a."Id", a."ConcurrencyStamp", a."Name", a."NormalizedName"
FROM "AspNetRoles" AS a
WHERE a."NormalizedName" = @normalizedName
LIMIT 1
2026-06-29 20:47:02.496 +02:00 [INF] Executed DbCommand (1ms) [Parameters=[@p0='?', @p1='?', @p2='?', @p3='?'], CommandType='"Text"', CommandTimeout='30']
INSERT INTO "AspNetRoles" ("Id", "ConcurrencyStamp", "Name", "NormalizedName")
VALUES (@p0, @p1, @p2, @p3);
2026-06-29 20:47:02.497 +02:00 [INF] Created role: User
2026-06-29 20:47:02.506 +02:00 [INF] Executed DbCommand (1ms) [Parameters=[@normalizedEmail='?'], CommandType='"Text"', CommandTimeout='30']
SELECT a."Id", a."AccessFailedCount", a."ConcurrencyStamp", a."Email", a."EmailConfirmed", a."LockoutEnabled", a."LockoutEnd", a."NormalizedEmail", a."NormalizedUserName", a."PasswordHash", a."PhoneNumber", a."PhoneNumberConfirmed", a."SecurityStamp", a."TwoFactorEnabled", a."UserName"
FROM "AspNetUsers" AS a
WHERE a."NormalizedEmail" = @normalizedEmail
LIMIT 2
2026-06-29 20:47:02.552 +02:00 [INF] Executed DbCommand (1ms) [Parameters=[@normalizedUserName='?'], CommandType='"Text"', CommandTimeout='30']
SELECT a."Id", a."AccessFailedCount", a."ConcurrencyStamp", a."Email", a."EmailConfirmed", a."LockoutEnabled", a."LockoutEnd", a."NormalizedEmail", a."NormalizedUserName", a."PasswordHash", a."PhoneNumber", a."PhoneNumberConfirmed", a."SecurityStamp", a."TwoFactorEnabled", a."UserName"
FROM "AspNetUsers" AS a
WHERE a."NormalizedUserName" = @normalizedUserName
LIMIT 1
2026-06-29 20:47:02.556 +02:00 [INF] Executed DbCommand (1ms) [Parameters=[@normalizedEmail='?'], CommandType='"Text"', CommandTimeout='30']
SELECT a."Id", a."AccessFailedCount", a."ConcurrencyStamp", a."Email", a."EmailConfirmed", a."LockoutEnabled", a."LockoutEnd", a."NormalizedEmail", a."NormalizedUserName", a."PasswordHash", a."PhoneNumber", a."PhoneNumberConfirmed", a."SecurityStamp", a."TwoFactorEnabled", a."UserName"
FROM "AspNetUsers" AS a
WHERE a."NormalizedEmail" = @normalizedEmail
LIMIT 2
2026-06-29 20:47:02.589 +02:00 [INF] Executed DbCommand (6ms) [Parameters=[@p0='?', @p1='?' (DbType = Int32), @p2='?', @p3='?', @p4='?' (DbType = Boolean), @p5='?' (DbType = Boolean), @p6='?' (DbType = DateTime), @p7='?', @p8='?', @p9='?', @p10='?', @p11='?' (DbType = Boolean), @p12='?', @p13='?' (DbType = Boolean), @p14='?'], CommandType='"Text"', CommandTimeout='30']
INSERT INTO "AspNetUsers" ("Id", "AccessFailedCount", "ConcurrencyStamp", "Email", "EmailConfirmed", "LockoutEnabled", "LockoutEnd", "NormalizedEmail", "NormalizedUserName", "PasswordHash", "PhoneNumber", "PhoneNumberConfirmed", "SecurityStamp", "TwoFactorEnabled", "UserName")
VALUES (@p0, @p1, @p2, @p3, @p4, @p5, @p6, @p7, @p8, @p9, @p10, @p11, @p12, @p13, @p14);
2026-06-29 20:47:02.596 +02:00 [INF] Executed DbCommand (1ms) [Parameters=[@normalizedRoleName='?'], CommandType='"Text"', CommandTimeout='30']
SELECT a."Id", a."ConcurrencyStamp", a."Name", a."NormalizedName"
FROM "AspNetRoles" AS a
WHERE a."NormalizedName" = @normalizedRoleName
LIMIT 2
2026-06-29 20:47:02.614 +02:00 [INF] Executed DbCommand (1ms) [Parameters=[@p='?', @p1='?'], CommandType='"Text"', CommandTimeout='30']
SELECT a."UserId", a."RoleId"
FROM "AspNetUserRoles" AS a
WHERE a."UserId" = @p AND a."RoleId" = @p1
LIMIT 1
2026-06-29 20:47:02.617 +02:00 [INF] Executed DbCommand (1ms) [Parameters=[@normalizedRoleName='?'], CommandType='"Text"', CommandTimeout='30']
SELECT a."Id", a."ConcurrencyStamp", a."Name", a."NormalizedName"
FROM "AspNetRoles" AS a
WHERE a."NormalizedName" = @normalizedRoleName
LIMIT 2
2026-06-29 20:47:02.624 +02:00 [INF] Executed DbCommand (1ms) [Parameters=[@normalizedUserName='?'], CommandType='"Text"', CommandTimeout='30']
SELECT a."Id", a."AccessFailedCount", a."ConcurrencyStamp", a."Email", a."EmailConfirmed", a."LockoutEnabled", a."LockoutEnd", a."NormalizedEmail", a."NormalizedUserName", a."PasswordHash", a."PhoneNumber", a."PhoneNumberConfirmed", a."SecurityStamp", a."TwoFactorEnabled", a."UserName"
FROM "AspNetUsers" AS a
WHERE a."NormalizedUserName" = @normalizedUserName
LIMIT 1
2026-06-29 20:47:02.627 +02:00 [INF] Executed DbCommand (1ms) [Parameters=[@normalizedEmail='?'], CommandType='"Text"', CommandTimeout='30']
SELECT a."Id", a."AccessFailedCount", a."ConcurrencyStamp", a."Email", a."EmailConfirmed", a."LockoutEnabled", a."LockoutEnd", a."NormalizedEmail", a."NormalizedUserName", a."PasswordHash", a."PhoneNumber", a."PhoneNumberConfirmed", a."SecurityStamp", a."TwoFactorEnabled", a."UserName"
FROM "AspNetUsers" AS a
WHERE a."NormalizedEmail" = @normalizedEmail
LIMIT 2
2026-06-29 20:47:02.639 +02:00 [INF] Executed DbCommand (2ms) [Parameters=[@p0='?', @p1='?', @p16='?', @p2='?' (DbType = Int32), @p3='?', @p17='?', @p4='?', @p5='?' (DbType = Boolean), @p6='?' (DbType = Boolean), @p7='?' (DbType = DateTime), @p8='?', @p9='?', @p10='?', @p11='?', @p12='?' (DbType = Boolean), @p13='?', @p14='?' (DbType = Boolean), @p15='?'], CommandType='"Text"', CommandTimeout='30']
INSERT INTO "AspNetUserRoles" ("RoleId", "UserId")
VALUES (@p0, @p1);
UPDATE "AspNetUsers" SET "AccessFailedCount" = @p2, "ConcurrencyStamp" = @p3, "Email" = @p4, "EmailConfirmed" = @p5, "LockoutEnabled" = @p6, "LockoutEnd" = @p7, "NormalizedEmail" = @p8, "NormalizedUserName" = @p9, "PasswordHash" = @p10, "PhoneNumber" = @p11, "PhoneNumberConfirmed" = @p12, "SecurityStamp" = @p13, "TwoFactorEnabled" = @p14, "UserName" = @p15
WHERE "Id" = @p16 AND "ConcurrencyStamp" = @p17;
2026-06-29 20:47:02.642 +02:00 [INF] Admin user created successfully: dev@lynsoftware.com
2026-06-29 20:47:02.643 +02:00 [INF] Database seeding completed successfully
2026-06-29 20:47:02.828 +02:00 [INF] Now listening on: http://localhost:8000
2026-06-29 20:47:02.828 +02:00 [INF] Application started. Press Ctrl+C to shut down.
2026-06-29 20:47:02.829 +02:00 [INF] Hosting environment: Development
2026-06-29 20:47:02.829 +02:00 [INF] Content root path: C:\Users\fredr\Lyn\Lyn\Lyn.Backend
2026-06-29 20:47:17.720 +02:00 [INF] Application is shutting down...
